[     224ms] [WARNING] cdn.tailwindcss.com should not be used in production. To use Tailwind CSS in production, install it as a PostCSS plugin or use the Tailwind CLI: https://tailwindcss.com/docs/installation @ https://cdn.tailwindcss.com/:63
[   84497ms] [WARNING] [Bun] Hot-module-reloading socket disconnected, reconnecting... @ https://gateway.harucode.com.br/_bun/client/index-0000000049de3583.js:20
[   86198ms] [WARNING] cdn.tailwindcss.com should not be used in production. To use Tailwind CSS in production, install it as a PostCSS plugin or use the Tailwind CLI: https://tailwindcss.com/docs/installation @ https://cdn.tailwindcss.com/:63
[  148023ms] [WARNING] [Bun] Hot-module-reloading socket disconnected, reconnecting... @ https://gateway.harucode.com.br/_bun/client/index-0000000049de3583.js:20
[  149934ms] [WARNING] cdn.tailwindcss.com should not be used in production. To use Tailwind CSS in production, install it as a PostCSS plugin or use the Tailwind CLI: https://tailwindcss.com/docs/installation @ https://cdn.tailwindcss.com/:63
[  211885ms] [WARNING] [Bun] Hot-module-reloading socket disconnected, reconnecting... @ https://gateway.harucode.com.br/_bun/client/index-0000000049de3583.js:20
[  213610ms] [WARNING] cdn.tailwindcss.com should not be used in production. To use Tailwind CSS in production, install it as a PostCSS plugin or use the Tailwind CLI: https://tailwindcss.com/docs/installation @ https://cdn.tailwindcss.com/:63
[  275578ms] [WARNING] [Bun] Hot-module-reloading socket disconnected, reconnecting... @ https://gateway.harucode.com.br/_bun/client/index-0000000049de3583.js:20
[  277279ms] [WARNING] cdn.tailwindcss.com should not be used in production. To use Tailwind CSS in production, install it as a PostCSS plugin or use the Tailwind CLI: https://tailwindcss.com/docs/installation @ https://cdn.tailwindcss.com/:63
[  339169ms] [WARNING] [Bun] Hot-module-reloading socket disconnected, reconnecting... @ https://gateway.harucode.com.br/_bun/client/index-0000000049de3583.js:20
[  340962ms] [WARNING] cdn.tailwindcss.com should not be used in production. To use Tailwind CSS in production, install it as a PostCSS plugin or use the Tailwind CLI: https://tailwindcss.com/docs/installation @ https://cdn.tailwindcss.com/:63
[  402861ms] [WARNING] [Bun] Hot-module-reloading socket disconnected, reconnecting... @ https://gateway.harucode.com.br/_bun/client/index-0000000049de3583.js:20
[  404559ms] [WARNING] cdn.tailwindcss.com should not be used in production. To use Tailwind CSS in production, install it as a PostCSS plugin or use the Tailwind CLI: https://tailwindcss.com/docs/installation @ https://cdn.tailwindcss.com/:63
[  466490ms] [WARNING] [Bun] Hot-module-reloading socket disconnected, reconnecting... @ https://gateway.harucode.com.br/_bun/client/index-0000000049de3583.js:20
[  468199ms] [WARNING] cdn.tailwindcss.com should not be used in production. To use Tailwind CSS in production, install it as a PostCSS plugin or use the Tailwind CLI: https://tailwindcss.com/docs/installation @ https://cdn.tailwindcss.com/:63
[  530145ms] [WARNING] [Bun] Hot-module-reloading socket disconnected, reconnecting... @ https://gateway.harucode.com.br/_bun/client/index-0000000049de3583.js:20
[  531913ms] [WARNING] cdn.tailwindcss.com should not be used in production. To use Tailwind CSS in production, install it as a PostCSS plugin or use the Tailwind CLI: https://tailwindcss.com/docs/installation @ https://cdn.tailwindcss.com/:63
[  593834ms] [WARNING] [Bun] Hot-module-reloading socket disconnected, reconnecting... @ https://gateway.harucode.com.br/_bun/client/index-0000000049de3583.js:20
[  595541ms] [WARNING] cdn.tailwindcss.com should not be used in production. To use Tailwind CSS in production, install it as a PostCSS plugin or use the Tailwind CLI: https://tailwindcss.com/docs/installation @ https://cdn.tailwindcss.com/:63
[  657325ms] [WARNING] [Bun] Hot-module-reloading socket disconnected, reconnecting... @ https://gateway.harucode.com.br/_bun/client/index-0000000049de3583.js:20
[  659040ms] [WARNING] cdn.tailwindcss.com should not be used in production. To use Tailwind CSS in production, install it as a PostCSS plugin or use the Tailwind CLI: https://tailwindcss.com/docs/installation @ https://cdn.tailwindcss.com/:63
[  720815ms] [WARNING] [Bun] Hot-module-reloading socket disconnected, reconnecting... @ https://gateway.harucode.com.br/_bun/client/index-0000000049de3583.js:20
[  722513ms] [WARNING] cdn.tailwindcss.com should not be used in production. To use Tailwind CSS in production, install it as a PostCSS plugin or use the Tailwind CLI: https://tailwindcss.com/docs/installation @ https://cdn.tailwindcss.com/:63
[  784303ms] [WARNING] [Bun] Hot-module-reloading socket disconnected, reconnecting... @ https://gateway.harucode.com.br/_bun/client/index-0000000049de3583.js:20
[  786003ms] [WARNING] cdn.tailwindcss.com should not be used in production. To use Tailwind CSS in production, install it as a PostCSS plugin or use the Tailwind CLI: https://tailwindcss.com/docs/installation @ https://cdn.tailwindcss.com/:63
[  847895ms] [WARNING] [Bun] Hot-module-reloading socket disconnected, reconnecting... @ https://gateway.harucode.com.br/_bun/client/index-0000000049de3583.js:20
[  849650ms] [WARNING] cdn.tailwindcss.com should not be used in production. To use Tailwind CSS in production, install it as a PostCSS plugin or use the Tailwind CLI: https://tailwindcss.com/docs/installation @ https://cdn.tailwindcss.com/:63
[  911378ms] [WARNING] [Bun] Hot-module-reloading socket disconnected, reconnecting... @ https://gateway.harucode.com.br/_bun/client/index-0000000049de3583.js:20
[  913075ms] [WARNING] cdn.tailwindcss.com should not be used in production. To use Tailwind CSS in production, install it as a PostCSS plugin or use the Tailwind CLI: https://tailwindcss.com/docs/installation @ https://cdn.tailwindcss.com/:63
[  974737ms] [WARNING] [Bun] Hot-module-reloading socket disconnected, reconnecting... @ https://gateway.harucode.com.br/_bun/client/index-0000000049de3583.js:20
[  976636ms] [WARNING] cdn.tailwindcss.com should not be used in production. To use Tailwind CSS in production, install it as a PostCSS plugin or use the Tailwind CLI: https://tailwindcss.com/docs/installation @ https://cdn.tailwindcss.com/:63
[ 1038361ms] [WARNING] [Bun] Hot-module-reloading socket disconnected, reconnecting... @ https://gateway.harucode.com.br/_bun/client/index-0000000049de3583.js:20
[ 1040040ms] [WARNING] cdn.tailwindcss.com should not be used in production. To use Tailwind CSS in production, install it as a PostCSS plugin or use the Tailwind CLI: https://tailwindcss.com/docs/installation @ https://cdn.tailwindcss.com/:63
[ 1101697ms] [WARNING] [Bun] Hot-module-reloading socket disconnected, reconnecting... @ https://gateway.harucode.com.br/_bun/client/index-0000000049de3583.js:20
[ 1103413ms] [WARNING] cdn.tailwindcss.com should not be used in production. To use Tailwind CSS in production, install it as a PostCSS plugin or use the Tailwind CLI: https://tailwindcss.com/docs/installation @ https://cdn.tailwindcss.com/:63
[ 1169227ms] [WARNING] [Bun] Hot-module-reloading socket disconnected, reconnecting... @ https://gateway.harucode.com.br/_bun/client/index-0000000049de3583.js:20
[ 1170921ms] [WARNING] cdn.tailwindcss.com should not be used in production. To use Tailwind CSS in production, install it as a PostCSS plugin or use the Tailwind CLI: https://tailwindcss.com/docs/installation @ https://cdn.tailwindcss.com/:63
[ 1232616ms] [WARNING] [Bun] Hot-module-reloading socket disconnected, reconnecting... @ https://gateway.harucode.com.br/_bun/client/index-0000000049de3583.js:20
[ 1234347ms] [WARNING] cdn.tailwindcss.com should not be used in production. To use Tailwind CSS in production, install it as a PostCSS plugin or use the Tailwind CLI: https://tailwindcss.com/docs/installation @ https://cdn.tailwindcss.com/:63
[ 1296149ms] [WARNING] [Bun] Hot-module-reloading socket disconnected, reconnecting... @ https://gateway.harucode.com.br/_bun/client/index-0000000049de3583.js:20
[ 1298263ms] [WARNING] cdn.tailwindcss.com should not be used in production. To use Tailwind CSS in production, install it as a PostCSS plugin or use the Tailwind CLI: https://tailwindcss.com/docs/installation @ https://cdn.tailwindcss.com/:63
[ 1362233ms] [WARNING] [Bun] Hot-module-reloading socket disconnected, reconnecting... @ https://gateway.harucode.com.br/_bun/client/index-0000000049de3583.js:20
[ 1366116ms] [WARNING] cdn.tailwindcss.com should not be used in production. To use Tailwind CSS in production, install it as a PostCSS plugin or use the Tailwind CLI: https://tailwindcss.com/docs/installation @ https://cdn.tailwindcss.com/:63
[ 1428080ms] [WARNING] [Bun] Hot-module-reloading socket disconnected, reconnecting... @ https://gateway.harucode.com.br/_bun/client/index-0000000049de3583.js:20
[ 1429859ms] [WARNING] cdn.tailwindcss.com should not be used in production. To use Tailwind CSS in production, install it as a PostCSS plugin or use the Tailwind CLI: https://tailwindcss.com/docs/installation @ https://cdn.tailwindcss.com/:63
[ 1491587ms] [WARNING] [Bun] Hot-module-reloading socket disconnected, reconnecting... @ https://gateway.harucode.com.br/_bun/client/index-0000000049de3583.js:20
[ 1493310ms] [WARNING] cdn.tailwindcss.com should not be used in production. To use Tailwind CSS in production, install it as a PostCSS plugin or use the Tailwind CLI: https://tailwindcss.com/docs/installation @ https://cdn.tailwindcss.com/:63
[ 1555027ms] [WARNING] [Bun] Hot-module-reloading socket disconnected, reconnecting... @ https://gateway.harucode.com.br/_bun/client/index-0000000049de3583.js:20
[ 1556739ms] [WARNING] cdn.tailwindcss.com should not be used in production. To use Tailwind CSS in production, install it as a PostCSS plugin or use the Tailwind CLI: https://tailwindcss.com/docs/installation @ https://cdn.tailwindcss.com/:63
[ 1618472ms] [WARNING] [Bun] Hot-module-reloading socket disconnected, reconnecting... @ https://gateway.harucode.com.br/_bun/client/index-0000000049de3583.js:20
[ 1620230ms] [WARNING] cdn.tailwindcss.com should not be used in production. To use Tailwind CSS in production, install it as a PostCSS plugin or use the Tailwind CLI: https://tailwindcss.com/docs/installation @ https://cdn.tailwindcss.com/:63
[ 1681922ms] [WARNING] [Bun] Hot-module-reloading socket disconnected, reconnecting... @ https://gateway.harucode.com.br/_bun/client/index-0000000049de3583.js:20
[ 1683612ms] [WARNING] cdn.tailwindcss.com should not be used in production. To use Tailwind CSS in production, install it as a PostCSS plugin or use the Tailwind CLI: https://tailwindcss.com/docs/installation @ https://cdn.tailwindcss.com/:63
[ 1745277ms] [WARNING] [Bun] Hot-module-reloading socket disconnected, reconnecting... @ https://gateway.harucode.com.br/_bun/client/index-0000000049de3583.js:20
[ 1746998ms] [WARNING] cdn.tailwindcss.com should not be used in production. To use Tailwind CSS in production, install it as a PostCSS plugin or use the Tailwind CLI: https://tailwindcss.com/docs/installation @ https://cdn.tailwindcss.com/:63
[ 1808678ms] [WARNING] [Bun] Hot-module-reloading socket disconnected, reconnecting... @ https://gateway.harucode.com.br/_bun/client/index-0000000049de3583.js:20
[ 1810384ms] [WARNING] cdn.tailwindcss.com should not be used in production. To use Tailwind CSS in production, install it as a PostCSS plugin or use the Tailwind CLI: https://tailwindcss.com/docs/installation @ https://cdn.tailwindcss.com/:63
[ 1873457ms] [WARNING] [Bun] Hot-module-reloading socket disconnected, reconnecting... @ https://gateway.harucode.com.br/_bun/client/index-0000000049de3583.js:20
[ 1880426ms] [WARNING] cdn.tailwindcss.com should not be used in production. To use Tailwind CSS in production, install it as a PostCSS plugin or use the Tailwind CLI: https://tailwindcss.com/docs/installation @ https://cdn.tailwindcss.com/:63
