[     297ms] [WARNING] cdn.tailwindcss.com should not be used in production. To use Tailwind CSS in production, install it as a PostCSS plugin or use the Tailwind CLI: https://tailwindcss.com/docs/installation @ https://cdn.tailwindcss.com/:63
[   63380ms] [WARNING] [Bun] Hot-module-reloading socket disconnected, reconnecting... @ https://gateway.harucode.com.br/_bun/client/index-0000000023aa3166.js:20
[   65178ms] [WARNING] cdn.tailwindcss.com should not be used in production. To use Tailwind CSS in production, install it as a PostCSS plugin or use the Tailwind CLI: https://tailwindcss.com/docs/installation @ https://cdn.tailwindcss.com/:63
[  127375ms] [WARNING] [Bun] Hot-module-reloading socket disconnected, reconnecting... @ https://gateway.harucode.com.br/_bun/client/index-0000000023aa3166.js:20
[  129265ms] [WARNING] cdn.tailwindcss.com should not be used in production. To use Tailwind CSS in production, install it as a PostCSS plugin or use the Tailwind CLI: https://tailwindcss.com/docs/installation @ https://cdn.tailwindcss.com/:63
[  193226ms] [WARNING] [Bun] Hot-module-reloading socket disconnected, reconnecting... @ https://gateway.harucode.com.br/_bun/client/index-0000000023aa3166.js:20
[  195039ms] [WARNING] cdn.tailwindcss.com should not be used in production. To use Tailwind CSS in production, install it as a PostCSS plugin or use the Tailwind CLI: https://tailwindcss.com/docs/installation @ https://cdn.tailwindcss.com/:63
[  257306ms] [WARNING] [Bun] Hot-module-reloading socket disconnected, reconnecting... @ https://gateway.harucode.com.br/_bun/client/index-0000000023aa3166.js:20
[  259075ms] [WARNING] cdn.tailwindcss.com should not be used in production. To use Tailwind CSS in production, install it as a PostCSS plugin or use the Tailwind CLI: https://tailwindcss.com/docs/installation @ https://cdn.tailwindcss.com/:63
[  322541ms] [WARNING] [Bun] Hot-module-reloading socket disconnected, reconnecting... @ https://gateway.harucode.com.br/_bun/client/index-0000000023aa3166.js:20
[  324501ms] [WARNING] cdn.tailwindcss.com should not be used in production. To use Tailwind CSS in production, install it as a PostCSS plugin or use the Tailwind CLI: https://tailwindcss.com/docs/installation @ https://cdn.tailwindcss.com/:63
[  387678ms] [WARNING] [Bun] Hot-module-reloading socket disconnected, reconnecting... @ https://gateway.harucode.com.br/_bun/client/index-0000000023aa3166.js:20
[  389474ms] [WARNING] cdn.tailwindcss.com should not be used in production. To use Tailwind CSS in production, install it as a PostCSS plugin or use the Tailwind CLI: https://tailwindcss.com/docs/installation @ https://cdn.tailwindcss.com/:63
[  451755ms] [WARNING] [Bun] Hot-module-reloading socket disconnected, reconnecting... @ https://gateway.harucode.com.br/_bun/client/index-0000000023aa3166.js:20
[  457080ms] [WARNING] cdn.tailwindcss.com should not be used in production. To use Tailwind CSS in production, install it as a PostCSS plugin or use the Tailwind CLI: https://tailwindcss.com/docs/installation @ https://cdn.tailwindcss.com/:63
[  480322ms] [WARNING] [Bun] Hot-module-reloading socket disconnected, reconnecting... @ https://gateway.harucode.com.br/_bun/client/index-0000000023aa3166.js:20
[  481842ms] [ERROR] WebSocket connection to 'wss://gateway.harucode.com.br/_bun/hmr' failed: Error during WebSocket handshake: Unexpected response code: 404 @ https://gateway.harucode.com.br/_bun/client/index-0000000023aa3166.js:20
[  484825ms] [ERROR] WebSocket connection to 'wss://gateway.harucode.com.br/_bun/hmr' failed: Error during WebSocket handshake: Unexpected response code: 404 @ https://gateway.harucode.com.br/_bun/client/index-0000000023aa3166.js:20
[  487815ms] [ERROR] WebSocket connection to 'wss://gateway.harucode.com.br/_bun/hmr' failed: Error during WebSocket handshake: Unexpected response code: 404 @ https://gateway.harucode.com.br/_bun/client/index-0000000023aa3166.js:20
[  491314ms] [ERROR] WebSocket connection to 'wss://gateway.harucode.com.br/_bun/hmr' failed: Error during WebSocket handshake: Unexpected response code: 404 @ https://gateway.harucode.com.br/_bun/client/index-0000000023aa3166.js:20
[  494312ms] [ERROR] WebSocket connection to 'wss://gateway.harucode.com.br/_bun/hmr' failed: Error during WebSocket handshake: Unexpected response code: 404 @ https://gateway.harucode.com.br/_bun/client/index-0000000023aa3166.js:20
